<?xml version="1.0" encoding="UTF-8"?>
<testsuites name="DevSiteSmokeTestSuite" time="77.062" tests="1" failures="0" errors="0">
   <testsuite name="DevSiteSmokeTestSuite" tests="1" failures="0" errors="0" time="77.062" timestamp="2020-04-01 10:07:51" hostname="suchita - 192.168.1.4" id="Test Suites/DevSiteSmokeTestSuite">
      <properties>
         <property name="deviceName" value=""/>
         <property name="devicePlatform" value=""/>
         <property name="logFolder" value="C:\\Users\\suchita\\git\\KatalonGitRepo\\Reports\\20200401_100744\\DevSiteSmokeTestSuite\\20200401_100744"/>
         <property name="logFiles" value="C:\\Users\\suchita\\git\\KatalonGitRepo\\Reports\\20200401_100744\\DevSiteSmokeTestSuite\\20200401_100744\\execution0.log"/>
         <property name="attachments" value=""/>
         <property name="hostName" value="suchita - 192.168.1.4"/>
         <property name="os" value="Windows 10 64bit"/>
         <property name="katalonVersion" value="7.2.6.1"/>
         <property name="browser" value="Firefox 74.0"/>
         <property name="hostAddress" value="192.168.1.4"/>
         <property name="sessionId" value="c7556b82-fad6-4064-8e8c-52b7c5ab4b4a"/>
         <property name="seleniumVersion" value="3.141.59"/>
         <property name="proxyInformation" value="ProxyInformation{proxyOption=NO_PROXY, proxyServerType=HTTP, password=, proxyServerAddress=, proxyServerPort=0, executionList=}"/>
         <property name="platform" value="Windows 10"/>
      </properties>
      <testcase name="Test Cases/VisitDevSite" time="76.167" classname="Test Cases/VisitDevSite" status="PASSED">
         <system-out><![CDATA[2020-04-01 10:07:52 - [TEST_CASE][PASSED] - Test Cases/VisitDevSite: Test Cases/VisitDevSite

2020-04-01 10:07:52 - [TEST_STEP][PASSED] - openBrowser(""): Browser is opened with url: ''

2020-04-01 10:07:53 - [MESSAGE][INFO] - Starting 'Firefox' driver

2020-04-01 10:07:53 - [MESSAGE][INFO] - Action delay is set to 0 seconds

2020-04-01 10:08:18 - [MESSAGE][PASSED] - Browser is opened with url: ''

2020-04-01 10:08:18 - [TEST_STEP][PASSED] - navigateToUrl("https://user:iway@123@dev1.ished.com/"): Navigate to 'https://user:iway@123@dev1.ished.com/' successfully

2020-04-01 10:08:59 - [MESSAGE][PASSED] - Navigate to 'https://user:iway@123@dev1.ished.com/' successfully

2020-04-01 10:08:59 - [TEST_STEP][PASSED] - closeBrowser(): Browser is closed

2020-04-01 10:09:08 - [MESSAGE][PASSED] - Browser is closed]]></system-out>
         <system-err><![CDATA[]]></system-err>
      </testcase>
      <system-out><![CDATA[2020-04-01 10:07:51 - [TEST_SUITE][PASSED] - DevSiteSmokeTestSuite: Test Cases/VisitDevSite]]></system-out>
      <system-err><![CDATA[]]></system-err>
   </testsuite>
</testsuites>
